2020-12-26 19:53:41 INFO  TestLogs:9 - It works
2020-12-26 19:59:59 INFO  TestLogs:14 - test
2020-12-26 20:11:01 INFO  ForwardRequestHelper:38 - User Logged out
2020-12-26 20:11:08 INFO  root:57 - splatinum has logged in
2020-12-26 20:11:10 INFO  ForwardRequestHelper:38 - User Logged out
2020-12-26 20:11:10 INFO  root:90 - splatinum has logged out
2020-12-26 20:11:14 INFO  root:57 - bubbleboy has logged in
2020-12-26 20:11:15 INFO  ReimbursementController:39 - Getting all reimbursements
2020-12-26 20:18:27 INFO  root:57 - splatinum has logged in
2020-12-26 20:19:11 INFO  root:57 - splatinum has logged in
2020-12-26 20:24:47 INFO  root:57 - splatinum has logged in
2020-12-26 20:24:52 INFO  root:57 - bubbleboy has logged in
2020-12-26 20:24:53 INFO  root:40 - Getting all reimbursements
2020-12-26 20:24:58 INFO  root:57 - mred has logged in
2020-12-26 20:26:53 INFO  root:57 - splatinum has logged in
2020-12-26 20:27:41 INFO  root:57 - bubbleboy has logged in
2020-12-26 20:27:42 INFO  root:40 - Getting all reimbursements
2020-12-26 20:27:51 INFO  root:40 - Getting all reimbursements
2020-12-26 20:29:08 INFO  root:57 - splatinum has logged in
2020-12-26 20:29:20 INFO  root:57 - splatinum has logged in
2020-12-26 20:32:08 INFO  root:57 - splatinum has logged in
2020-12-26 20:32:09 INFO  root:39 - User Logged out
2020-12-26 20:32:09 INFO  root:90 - user has logged out
2020-12-26 20:43:16 INFO  root:57 - splatinum has logged in
2020-12-26 20:44:08 INFO  root:57 - splatinum has logged in
2020-12-26 20:44:30 INFO  root:57 - splatinum has logged in
2020-12-26 20:47:51 INFO  root:56 - mred has logged in
2020-12-26 20:48:56 INFO  root:56 - splatinum has logged in
2020-12-26 20:49:53 INFO  root:40 - User Logged out
2020-12-26 20:50:00 INFO  root:56 - splatinum has logged in
2020-12-26 20:50:02 INFO  root:40 - User Logged out
2020-12-26 20:50:02 INFO  root:90 - splatinum has logged in
2020-12-26 20:51:04 INFO  root:56 - splatinum has logged in
2020-12-26 20:51:11 INFO  root:56 - bubbleboy has logged in
2020-12-26 20:51:12 INFO  root:40 - Getting all reimbursements
2020-12-26 20:52:03 INFO  root:56 - splatinum has logged in
2020-12-26 21:01:31 INFO  root:56 - splatinum has logged in
2020-12-26 21:01:43 INFO  root:56 - splatinum has logged in
2020-12-26 21:01:50 INFO  root:56 - splatinum has logged in
2020-12-26 21:03:19 INFO  root:40 - User Logged out
2020-12-26 21:03:19 INFO  root:90 - splatinum has logged out
2020-12-26 21:03:21 INFO  root:56 - splatinum has logged in
2020-12-26 21:03:38 INFO  root:40 - User Logged out
2020-12-26 21:03:38 INFO  root:90 - splatinum has logged out
2020-12-26 21:04:02 INFO  root:56 - bubbleboy has logged in
2020-12-26 21:04:03 INFO  root:40 - Getting all reimbursements
2020-12-26 21:04:04 INFO  root:40 - User Logged out
2020-12-26 21:04:04 INFO  root:90 - bubbleboy has logged out
2020-12-26 21:04:13 INFO  root:56 - bubbleboy has logged in
2020-12-26 21:04:13 INFO  root:40 - Getting all reimbursements
2020-12-26 21:04:14 INFO  root:40 - User Logged out
2020-12-26 21:04:14 INFO  root:90 - bubbleboy has logged out
2020-12-26 21:04:21 INFO  root:56 - bubbleboy has logged in
2020-12-26 21:04:22 INFO  root:40 - Getting all reimbursements
2020-12-26 21:04:22 INFO  root:40 - User Logged out
2020-12-26 21:04:22 INFO  root:90 - bubbleboy has logged out
2020-12-26 21:07:44 INFO  root:56 - splatinum has logged in
2020-12-26 21:07:46 INFO  root:40 - User Logged out
2020-12-26 21:07:46 INFO  root:90 - splatinum has logged out
2020-12-26 21:08:05 INFO  root:56 - splatinum has logged in
2020-12-26 21:08:09 INFO  root:40 - User Logged out
2020-12-26 21:08:09 INFO  root:90 - splatinum has logged out
2020-12-26 21:08:19 INFO  root:56 - bubbleboy has logged in
2020-12-26 21:08:19 INFO  root:40 - Getting all reimbursements
2020-12-26 21:08:22 INFO  root:40 - User Logged out
2020-12-26 21:08:22 INFO  root:90 - bubbleboy has logged out
2020-12-26 21:08:27 INFO  root:40 - User Logged out
2020-12-26 21:08:31 INFO  root:40 - User Logged out
2020-12-26 21:08:50 INFO  root:56 - bubbleboy has logged in
2020-12-26 21:08:51 INFO  root:40 - Getting all reimbursements
2020-12-26 21:08:52 INFO  root:40 - User Logged out
2020-12-26 21:08:52 INFO  root:90 - bubbleboy has logged out
2020-12-26 21:09:07 INFO  root:56 - splatinum has logged in
2020-12-26 21:09:09 INFO  root:40 - User Logged out
2020-12-26 21:09:09 INFO  root:90 - splatinum has logged out
2020-12-26 21:09:13 INFO  root:56 - bubbleboy has logged in
2020-12-26 21:09:14 INFO  root:40 - Getting all reimbursements
2020-12-26 21:09:15 INFO  root:40 - User Logged out
2020-12-26 21:09:15 INFO  root:90 - bubbleboy has logged out
2020-12-26 21:10:21 INFO  root:56 - splatinum has logged in
2020-12-26 21:10:22 INFO  root:40 - User Logged out
2020-12-26 21:10:22 INFO  root:90 - splatinum has logged out
2020-12-26 21:10:26 INFO  root:56 - nyohoho has logged in
2020-12-26 21:10:26 INFO  root:40 - Getting all reimbursements
2020-12-26 21:10:27 INFO  root:40 - User Logged out
2020-12-26 21:10:27 INFO  root:90 - nyohoho has logged out
2020-12-26 21:10:36 INFO  root:56 - splatinum has logged in
2020-12-26 21:10:37 INFO  root:40 - User Logged out
2020-12-26 21:10:37 INFO  root:90 - splatinum has logged out
2020-12-26 21:13:16 INFO  root:56 - bubbleboy has logged in
2020-12-26 21:13:17 INFO  root:40 - Getting all reimbursements
2020-12-26 21:13:21 INFO  root:40 - Getting all reimbursements
2020-12-26 21:13:48 INFO  root:40 - Getting all reimbursements
2020-12-26 21:14:22 INFO  root:56 - splatinum has logged in
2020-12-26 21:14:33 INFO  root:55 - Added new reimbursement from:splatinum
2020-12-26 21:14:52 INFO  root:40 - User Logged out
2020-12-26 21:14:52 INFO  root:90 - splatinum has logged out
2020-12-26 21:14:58 INFO  root:56 - bubbleboy has logged in
2020-12-26 21:14:58 INFO  root:40 - Getting all reimbursements
2020-12-26 21:15:01 INFO  root:68 - Updated info of id26of reimbursement from:bubbleboy
2020-12-26 21:15:02 INFO  root:40 - Getting all reimbursements
2020-12-26 21:15:09 INFO  root:68 - Updated info of id16of reimbursement from:bubbleboy
2020-12-26 21:15:10 INFO  root:40 - Getting all reimbursements
2020-12-26 21:15:15 INFO  root:68 - Updated info of id17of reimbursement from:bubbleboy
2020-12-26 21:15:16 INFO  root:40 - Getting all reimbursements
2020-12-26 21:15:19 INFO  root:40 - User Logged out
2020-12-26 21:15:19 INFO  root:90 - bubbleboy has logged out
2020-12-27 14:34:50 INFO  root:56 - splatinum has logged in
2020-12-27 14:34:52 INFO  root:74 - Grabbed all reimbursements from a user
2020-12-27 14:34:59 INFO  root:56 - splatinum has logged in
2020-12-27 14:35:04 INFO  root:56 - splatinum has logged in
2020-12-27 14:35:06 INFO  root:74 - Grabbed all reimbursements from a user
2020-12-27 14:35:22 INFO  root:56 - splatinum has logged in
2020-12-27 14:35:26 INFO  root:56 - splatinum has logged in
2020-12-27 14:35:26 INFO  root:74 - Grabbed all reimbursements from a user
2020-12-27 14:37:40 INFO  root:40 - User Logged out
2020-12-27 14:37:49 INFO  root:59 - splatinum has logged in
2020-12-27 14:37:50 INFO  root:74 - Grabbed all reimbursements from a user
2020-12-27 14:37:54 INFO  root:59 - splatinum has logged in
2020-12-27 14:37:54 INFO  root:74 - Grabbed all reimbursements from a user
2020-12-27 14:37:57 INFO  root:59 - splatinum has logged in
2020-12-27 14:37:59 INFO  root:74 - Grabbed all reimbursements from a user
2020-12-27 14:38:05 INFO  root:40 - User Logged out
2020-12-27 14:38:05 INFO  root:96 - splatinum has logged out
2020-12-27 14:38:13 INFO  root:59 - bubbleboy has logged in
2020-12-27 14:38:15 INFO  root:40 - Getting all reimbursements
2020-12-27 14:38:22 INFO  root:59 - bubbleboy has logged in
2020-12-27 14:38:23 INFO  root:40 - Getting all reimbursements
2020-12-27 18:46:15 INFO  root:59 - splatinum has logged in
2020-12-27 18:46:16 INFO  root:74 - Grabbed all reimbursements from a user
2020-12-27 18:46:30 INFO  root:40 - User Logged out
2020-12-27 18:46:30 INFO  root:96 - splatinum has logged out
2020-12-27 18:46:43 INFO  root:59 - bubbleboy has logged in
2020-12-27 18:46:43 INFO  root:40 - Getting all reimbursements
2020-12-27 18:46:47 INFO  root:59 - splatinum has logged in
2020-12-27 18:46:47 INFO  root:74 - Grabbed all reimbursements from a user
2020-12-27 18:47:31 INFO  root:59 - splatinum has logged in
2020-12-27 18:47:31 INFO  root:74 - Grabbed all reimbursements from a user
2020-12-27 18:48:54 INFO  root:59 - bubbleboy has logged in
2020-12-27 18:48:54 INFO  root:40 - Getting all reimbursements
2020-12-27 18:49:03 INFO  root:59 - splatinum has logged in
2020-12-27 18:49:03 INFO  root:74 - Grabbed all reimbursements from a user
2020-12-27 18:49:05 INFO  root:59 - splatinum has logged in
2020-12-27 18:49:05 INFO  root:74 - Grabbed all reimbursements from a user
2020-12-27 18:49:17 INFO  root:59 - bubbleboy has logged in
2020-12-27 18:49:17 INFO  root:40 - Getting all reimbursements
2020-12-27 18:49:26 INFO  root:68 - Updated info of id 23 of reimbursement from: bubbleboy
2020-12-27 18:49:27 INFO  root:40 - Getting all reimbursements
2020-12-27 18:50:51 INFO  root:40 - User Logged out
2020-12-27 18:50:51 INFO  root:96 - bubbleboy has logged out
2020-12-27 18:50:55 INFO  root:40 - User Logged out
2020-12-27 18:50:58 INFO  root:40 - User Logged out
2020-12-27 18:51:26 INFO  root:59 - splatinum has logged in
2020-12-27 18:51:27 INFO  root:74 - Grabbed all reimbursements from a user
2020-12-27 18:51:27 INFO  root:40 - User Logged out
2020-12-27 18:51:27 INFO  root:96 - splatinum has logged out
2020-12-27 18:52:07 INFO  root:40 - User Logged out
2020-12-27 19:15:35 INFO  root:59 - splatinum has logged in
2020-12-27 19:15:36 INFO  root:74 - Grabbed all reimbursements from a user
2020-12-27 19:16:12 INFO  root:59 - splatinum has logged in
2020-12-27 19:16:13 INFO  root:74 - Grabbed all reimbursements from a user
2020-12-27 19:16:31 INFO  root:55 - Added new reimbursement from:splatinum
2020-12-27 19:16:31 INFO  root:74 - Grabbed all reimbursements from a user
2020-12-27 19:16:53 INFO  root:40 - User Logged out
2020-12-27 19:16:53 INFO  root:96 - splatinum has logged out
2020-12-27 19:16:56 INFO  root:59 - splatinum has logged in
2020-12-27 19:16:57 INFO  root:74 - Grabbed all reimbursements from a user
2020-12-27 19:22:14 INFO  root:40 - User Logged out
2020-12-27 19:22:14 INFO  root:96 - splatinum has logged out
2020-12-27 19:22:17 INFO  root:59 - splatinum has logged in
2020-12-27 19:24:02 INFO  root:59 - splatinum has logged in
2020-12-27 19:24:08 INFO  root:40 - User Logged out
2020-12-27 19:24:08 INFO  root:96 - splatinum has logged out
2020-12-27 19:24:12 INFO  root:59 - splatinum has logged in
2020-12-27 19:25:30 INFO  root:59 - splatinum has logged in
2020-12-27 19:25:32 INFO  root:40 - User Logged out
2020-12-27 19:25:32 INFO  root:96 - splatinum has logged out
2020-12-27 19:25:34 INFO  root:59 - splatinum has logged in
2020-12-27 19:25:39 INFO  root:59 - splatinum has logged in
2020-12-27 19:25:54 INFO  root:40 - User Logged out
2020-12-27 19:25:54 INFO  root:96 - splatinum has logged out
2020-12-27 19:25:57 INFO  root:59 - splatinum has logged in
2020-12-27 19:25:59 INFO  root:40 - User Logged out
2020-12-27 19:25:59 INFO  root:96 - splatinum has logged out
2020-12-27 19:26:19 INFO  root:59 - splatinum has logged in
2020-12-27 19:26:19 INFO  root:74 - Grabbed all reimbursements from a user
2020-12-27 19:26:29 INFO  root:40 - User Logged out
2020-12-27 19:26:29 INFO  root:96 - splatinum has logged out
2020-12-27 19:26:32 INFO  root:59 - bubbleboy has logged in
2020-12-27 19:26:33 INFO  root:40 - Getting all reimbursements
2020-12-27 19:28:35 INFO  root:59 - splatinum has logged in
2020-12-27 19:28:35 INFO  root:74 - Grabbed all reimbursements from a user
2020-12-27 19:29:13 INFO  root:40 - User Logged out
2020-12-27 19:29:13 INFO  root:96 - splatinum has logged out
2020-12-27 19:29:34 INFO  root:59 - splatinum has logged in
2020-12-27 19:29:35 INFO  root:74 - Grabbed all reimbursements from a user
2020-12-27 19:30:08 INFO  root:59 - bubbleboy has logged in
2020-12-27 19:30:09 INFO  root:40 - Getting all reimbursements
2020-12-27 19:30:45 INFO  root:40 - User Logged out
2020-12-27 19:30:45 INFO  root:96 - bubbleboy has logged out
2020-12-27 19:30:53 INFO  root:59 - splatinum has logged in
2020-12-27 19:30:54 INFO  root:74 - Grabbed all reimbursements from a user
2020-12-27 19:30:59 INFO  root:40 - User Logged out
2020-12-27 19:30:59 INFO  root:96 - splatinum has logged out
2020-12-27 19:31:08 INFO  root:50 - Failed Login
2020-12-27 19:31:15 INFO  root:50 - Failed Login
2020-12-27 19:31:34 INFO  root:59 - bubbleboy has logged in
2020-12-27 19:31:35 INFO  root:40 - Getting all reimbursements
2020-12-27 19:35:21 INFO  root:59 - bubbleboy has logged in
2020-12-27 19:35:21 INFO  root:40 - Getting all reimbursements
2020-12-27 19:35:55 INFO  root:59 - bubbleboy has logged in
2020-12-27 19:35:55 INFO  root:40 - Getting all reimbursements
2020-12-27 19:37:18 INFO  root:40 - User Logged out
2020-12-27 19:37:18 INFO  root:96 - bubbleboy has logged out
2020-12-27 19:37:24 INFO  root:59 - bubbleboy has logged in
2020-12-27 19:37:24 INFO  root:40 - Getting all reimbursements
2020-12-27 19:38:43 INFO  root:59 - bubbleboy has logged in
2020-12-27 19:38:43 INFO  root:40 - Getting all reimbursements
2020-12-27 19:39:11 INFO  root:40 - User Logged out
2020-12-27 19:39:11 INFO  root:96 - bubbleboy has logged out
2020-12-27 19:39:18 INFO  root:59 - bubbleboy has logged in
2020-12-27 19:39:19 INFO  root:40 - Getting all reimbursements
2020-12-27 19:40:22 INFO  root:40 - User Logged out
2020-12-27 19:40:22 INFO  root:96 - bubbleboy has logged out
2020-12-27 19:40:28 INFO  root:59 - bubbleboy has logged in
2020-12-27 19:40:29 INFO  root:40 - Getting all reimbursements
2020-12-27 19:41:15 INFO  root:59 - bubbleboy has logged in
2020-12-27 19:41:15 INFO  root:40 - Getting all reimbursements
2020-12-27 19:41:37 INFO  root:40 - User Logged out
2020-12-27 19:41:37 INFO  root:96 - bubbleboy has logged out
2020-12-27 19:41:47 INFO  root:59 - bubbleboy has logged in
2020-12-27 19:41:48 INFO  root:40 - Getting all reimbursements
2020-12-27 19:42:20 INFO  root:68 - Updated info of id 18 of reimbursement from: bubbleboy
2020-12-27 19:42:21 INFO  root:40 - Getting all reimbursements
2020-12-27 19:45:08 INFO  root:40 - User Logged out
2020-12-27 19:45:08 INFO  root:96 - bubbleboy has logged out
2020-12-27 19:45:15 INFO  root:59 - bubbleboy has logged in
2020-12-27 19:45:15 INFO  root:40 - Getting all reimbursements
2020-12-27 19:46:05 INFO  root:59 - bubbleboy has logged in
2020-12-27 19:46:06 INFO  root:40 - Getting all reimbursements
2020-12-27 19:46:33 INFO  root:59 - nyohoho has logged in
2020-12-27 19:46:34 INFO  root:40 - Getting all reimbursements
2020-12-27 19:47:21 INFO  root:40 - User Logged out
2020-12-27 19:47:21 INFO  root:96 - nyohoho has logged out
2020-12-27 19:47:30 INFO  root:59 - nyohoho has logged in
2020-12-27 19:47:31 INFO  root:40 - Getting all reimbursements
2020-12-27 19:48:58 INFO  root:40 - User Logged out
2020-12-27 19:48:58 INFO  root:96 - nyohoho has logged out
2020-12-27 19:49:06 INFO  root:59 - nyohoho has logged in
2020-12-27 19:49:06 INFO  root:40 - Getting all reimbursements
2020-12-27 19:49:43 INFO  root:59 - splatinum has logged in
2020-12-27 19:49:44 INFO  root:74 - Grabbed all reimbursements from a user
2020-12-27 19:50:24 INFO  root:59 - splatinum has logged in
2020-12-27 19:50:24 INFO  root:74 - Grabbed all reimbursements from a user
2020-12-27 19:50:36 INFO  root:59 - bubbleboy has logged in
2020-12-27 19:50:36 INFO  root:40 - Getting all reimbursements
2020-12-27 19:51:11 INFO  root:40 - User Logged out
2020-12-27 19:51:11 INFO  root:96 - bubbleboy has logged out
2020-12-27 19:51:18 INFO  root:59 - bubbleboy has logged in
2020-12-27 19:51:19 INFO  root:40 - Getting all reimbursements
2020-12-27 19:53:32 INFO  root:40 - User Logged out
2020-12-27 19:53:32 INFO  root:96 - bubbleboy has logged out
2020-12-27 19:53:39 INFO  root:59 - bubbleboy has logged in
2020-12-27 19:53:40 INFO  root:40 - Getting all reimbursements
2020-12-27 19:54:40 INFO  root:50 - Failed Login
2020-12-27 19:54:48 INFO  root:59 - bubbleboy has logged in
2020-12-27 19:54:48 INFO  root:40 - Getting all reimbursements
2020-12-27 19:55:22 INFO  root:59 - bubbleboy has logged in
2020-12-27 19:55:22 INFO  root:40 - Getting all reimbursements
2020-12-27 19:56:58 INFO  root:40 - User Logged out
2020-12-27 19:56:58 INFO  root:96 - bubbleboy has logged out
2020-12-27 19:57:07 INFO  root:59 - bubbleboy has logged in
2020-12-27 19:57:08 INFO  root:40 - Getting all reimbursements
2020-12-27 19:57:19 INFO  root:68 - Updated info of id 12 of reimbursement from: bubbleboy
2020-12-27 19:57:20 INFO  root:40 - Getting all reimbursements
2020-12-27 19:57:50 INFO  root:59 - splatinum has logged in
2020-12-27 19:57:51 INFO  root:74 - Grabbed all reimbursements from a user
2020-12-27 19:58:46 INFO  root:59 - splatinum has logged in
2020-12-27 19:58:47 INFO  root:74 - Grabbed all reimbursements from a user
2020-12-27 19:59:02 INFO  root:59 - bubbleboy has logged in
2020-12-27 19:59:03 INFO  root:40 - Getting all reimbursements
2020-12-27 20:00:17 INFO  root:40 - User Logged out
2020-12-27 20:00:17 INFO  root:96 - bubbleboy has logged out
2020-12-27 20:00:24 INFO  root:59 - splatinum has logged in
2020-12-27 20:00:24 INFO  root:74 - Grabbed all reimbursements from a user
2020-12-27 20:00:46 INFO  root:59 - nyohoho has logged in
2020-12-27 20:00:47 INFO  root:40 - Getting all reimbursements
2020-12-27 20:01:35 INFO  root:40 - User Logged out
2020-12-27 20:01:35 INFO  root:96 - nyohoho has logged out
2020-12-27 20:01:44 INFO  root:59 - splatinum has logged in
2020-12-27 20:01:45 INFO  root:74 - Grabbed all reimbursements from a user
2020-12-27 20:01:47 INFO  root:40 - User Logged out
2020-12-27 20:01:47 INFO  root:96 - splatinum has logged out
2020-12-27 20:01:55 INFO  root:59 - hgreen has logged in
2020-12-27 20:01:55 INFO  root:74 - Grabbed all reimbursements from a user
2020-12-27 20:02:08 INFO  root:40 - User Logged out
2020-12-27 20:02:08 INFO  root:96 - hgreen has logged out
2020-12-27 20:04:28 INFO  root:59 - mred has logged in
2020-12-27 20:04:29 INFO  root:74 - Grabbed all reimbursements from a user
2020-12-27 20:04:39 INFO  root:54 - Added new reimbursement from:mred
2020-12-27 20:04:40 INFO  root:74 - Grabbed all reimbursements from a user
2020-12-27 20:04:55 INFO  root:40 - User Logged out
2020-12-27 20:04:55 INFO  root:96 - mred has logged out
2020-12-27 20:07:08 INFO  root:59 - schariot has logged in
2020-12-27 20:07:09 INFO  root:74 - Grabbed all reimbursements from a user
2020-12-27 20:07:42 INFO  root:56 - Added new reimbursement from:schariot
2020-12-27 20:07:43 INFO  root:74 - Grabbed all reimbursements from a user
2020-12-27 20:08:22 INFO  root:40 - User Logged out
2020-12-27 20:08:37 INFO  root:59 - schariot has logged in
2020-12-27 20:08:38 INFO  root:74 - Grabbed all reimbursements from a user
2020-12-27 20:08:40 INFO  root:40 - User Logged out
2020-12-27 20:08:40 INFO  root:96 - schariot has logged out
2020-12-27 20:30:59 INFO  root:59 - splatinum has logged in
2020-12-27 20:30:59 INFO  root:74 - Grabbed all reimbursements from a user
2020-12-27 20:31:12 INFO  root:40 - User Logged out
2020-12-27 20:31:12 INFO  root:96 - splatinum has logged out
2020-12-27 20:31:19 INFO  root:59 - nyohoho has logged in
2020-12-27 20:31:19 INFO  root:40 - Getting all reimbursements
2020-12-27 20:31:44 INFO  root:59 - bubbleboy has logged in
2020-12-27 20:31:44 INFO  root:40 - Getting all reimbursements
2020-12-28 10:51:43 INFO  root:60 - Getting all reimbursements
2020-12-28 10:52:21 INFO  root:59 - splatinum has logged in
2020-12-28 10:52:22 INFO  root:74 - Grabbed all reimbursements from a user
2020-12-28 10:52:42 INFO  root:56 - Added new reimbursement from:splatinum
2020-12-28 10:52:42 INFO  root:74 - Grabbed all reimbursements from a user
2020-12-28 10:52:54 INFO  root:40 - User Logged out
2020-12-28 10:52:54 INFO  root:96 - splatinum has logged out
2020-12-28 10:53:12 INFO  root:59 - nyohoho has logged in
2020-12-28 10:53:12 INFO  root:40 - Getting all reimbursements
2020-12-28 10:53:37 INFO  root:72 - Updated info of id 29 of reimbursement from: nyohoho
2020-12-28 10:53:38 INFO  root:40 - Getting all reimbursements
2020-12-28 10:54:00 INFO  root:72 - Updated info of id 25 of reimbursement from: nyohoho
2020-12-28 10:54:01 INFO  root:40 - Getting all reimbursements
2021-01-05 15:48:45 INFO  root:59 - splatinum has logged in
